<?xml version="1.0" encoding="UTF-8"?>
<testsuite name="com.mygdx.game.Domain.CardTest" tests="3" skipped="0" failures="0" errors="0" timestamp="2018-04-18T16:31:36" hostname="Dillons-MacBook-Pro.local" time="0.036">
  <properties/>
  <testcase name="compareTo" classname="com.mygdx.game.Domain.CardTest" time="0.002"/>
  <testcase name="getSuit" classname="com.mygdx.game.Domain.CardTest" time="0.0"/>
  <testcase name="getNumber" classname="com.mygdx.game.Domain.CardTest" time="0.0"/>
  <system-out><![CDATA[]]></system-out>
  <system-err><![CDATA[]]></system-err>
</testsuite>
