<?xml version="1.0" encoding="UTF-8"?>
<testsuite name="com.mygdx.game.Domain.DealerAndLoggerAndResultTest" tests="2" skipped="0" failures="0" errors="0" timestamp="2018-04-18T16:31:36" hostname="Dillons-MacBook-Pro.local" time="0.001">
  <properties/>
  <testcase name="computeHitFalse" classname="com.mygdx.game.Domain.DealerAndLoggerAndResultTest" time="0.001"/>
  <testcase name="computeHitTrue" classname="com.mygdx.game.Domain.DealerAndLoggerAndResultTest" time="0.0"/>
  <system-out><![CDATA[]]></system-out>
  <system-err><![CDATA[]]></system-err>
</testsuite>
