<?xml version="1.0" encoding="UTF-8"?>
<testsuite name="de.tomgrill.gdxtesting.examples.CardTest" tests="1" skipped="0" failures="1" errors="0" timestamp="2018-04-18T15:10:52" hostname="Dillons-MacBook-Pro.local" time="0.02">
  <properties/>
  <testcase name="getCard" classname="de.tomgrill.gdxtesting.examples.CardTest" time="0.02">
    <failure message="com.badlogic.gdx.utils.GdxRuntimeException: Call prepare() before calling getPixmap()" type="com.badlogic.gdx.utils.GdxRuntimeException">com.badlogic.gdx.utils.GdxRuntimeException: Call prepare() before calling getPixmap()
	at com.badlogic.gdx.graphics.glutils.FileTextureData.consumePixmap(FileTextureData.java:72)
	at de.tomgrill.gdxtesting.examples.CardTest.getCard(CardTest.java:39)
	at sun.reflect.NativeMethodAccessorImpl.invoke0(Native Method)
	at sun.reflect.NativeMethodAccessorImpl.invoke(NativeMethodAccessorImpl.java:62)
	at sun.reflect.DelegatingMethodAccessorImpl.invoke(DelegatingMethodAccessorImpl.java:43)
	at java.lang.reflect.Method.invoke(Method.java:498)
	at org.junit.runners.model.FrameworkMethod$1.runReflectiveCall(FrameworkMethod.java:59)
	at org.junit.internal.runners.model.ReflectiveCallable.run(ReflectiveCallable.java:12)
	at org.junit.runners.model.FrameworkMethod.invokeExplosively(FrameworkMethod.java:61)
	at org.junit.internal.runners.statements.InvokeMethod.evaluate(InvokeMethod.java:17)
	at org.junit.runners.BlockJUnit4ClassRunner$1.evaluate(BlockJUnit4ClassRunner.java:100)
	at org.junit.runners.ParentRunner.runLeaf(ParentRunner.java:346)
	at org.junit.runners.BlockJUnit4ClassRunner.runChild(BlockJUnit4ClassRunner.java:103)
	at de.tomgrill.gdxtesting.GdxTestRunner.render(GdxTestRunner.java:59)
	at com.badlogic.gdx.backends.headless.HeadlessApplication.mainLoop(HeadlessApplication.java:129)
	at com.badlogic.gdx.backends.headless.HeadlessApplication$1.run(HeadlessApplication.java:96)
</failure>
  </testcase>
  <system-out><![CDATA[true
]]></system-out>
  <system-err><![CDATA[]]></system-err>
</testsuite>
